<?xml version="1.0" encoding="UTF-8"?>
<coverage generated="1555515571861" clover="3.2.0">
  <project timestamp="1555515571861" name="All files">
    <metrics statements="21" coveredstatements="21" conditionals="12" coveredconditionals="12" methods="5" coveredmethods="5" elements="38" coveredelements="38" complexity="0" loc="21" ncloc="21" packages="1" files="2" classes="2"/>
    <file name="index.js" path="/home/coraloreef/projects/project-lvl2-s463/src/index.js">
      <metrics statements="17" coveredstatements="17" conditionals="10" coveredconditionals="10" methods="4" coveredmethods="4"/>
      <line num="6" count="1" type="stmt"/>
      <line num="7" count="4" type="stmt"/>
      <line num="8" count="4" type="stmt"/>
      <line num="11" count="1" type="stmt"/>
      <line num="12" count="2" type="stmt"/>
      <line num="13" count="2" type="stmt"/>
      <line num="15" count="2" type="stmt"/>
      <line num="18" count="6" type="stmt"/>
      <line num="21" count="2" type="stmt"/>
      <line num="22" count="10" type="cond" truecount="4" falsecount="0"/>
      <line num="23" count="2" type="stmt"/>
      <line num="25" count="8" type="cond" truecount="4" falsecount="0"/>
      <line num="26" count="4" type="stmt"/>
      <line num="28" count="4" type="cond" truecount="2" falsecount="0"/>
      <line num="29" count="2" type="stmt"/>
      <line num="31" count="2" type="stmt"/>
      <line num="34" count="2" type="stmt"/>
    </file>
    <file name="parsers.js" path="/home/coraloreef/projects/project-lvl2-s463/src/parsers.js">
      <metrics statements="4" coveredstatements="4" conditionals="2" coveredconditionals="2" methods="1" coveredmethods="1"/>
      <line num="3" count="1" type="stmt"/>
      <line num="4" count="4" type="cond" truecount="2" falsecount="0"/>
      <line num="5" count="2" type="stmt"/>
      <line num="7" count="2" type="stmt"/>
    </file>
  </project>
</coverage>
