TN:
SF:/home/coraloreef/projects/project-lvl2-s463/src/index.js
FN:6,(anonymous_0)
FN:11,(anonymous_1)
FN:18,(anonymous_2)
FN:21,(anonymous_3)
FNF:4
FNH:4
FNDA:4,(anonymous_0)
FNDA:2,(anonymous_1)
FNDA:6,(anonymous_2)
FNDA:10,(anonymous_3)
DA:6,1
DA:7,4
DA:8,4
DA:11,1
DA:12,2
DA:13,2
DA:15,2
DA:18,6
DA:21,2
DA:22,10
DA:23,2
DA:25,8
DA:26,4
DA:28,4
DA:29,2
DA:31,2
DA:34,2
LF:17
LH:17
BRDA:22,0,0,2
BRDA:22,0,1,8
BRDA:22,1,0,10
BRDA:22,1,1,2
BRDA:25,2,0,4
BRDA:25,2,1,4
BRDA:25,3,0,8
BRDA:25,3,1,8
BRDA:28,4,0,2
BRDA:28,4,1,2
BRF:10
BRH:10
end_of_record
TN:
SF:/home/coraloreef/projects/project-lvl2-s463/src/parsers.js
FN:3,(anonymous_0)
FNF:1
FNH:1
FNDA:4,(anonymous_0)
DA:3,1
DA:4,4
DA:5,2
DA:7,2
LF:4
LH:4
BRDA:4,0,0,2
BRDA:4,0,1,2
BRF:2
BRH:2
end_of_record
